Copyright 1986-2017 Xilinx, Inc. All Rights Reserved.
------------------------------------------------------------------------------------
| Tool Version : Vivado v.2017.4 (win64) Build 2086221 Fri Dec 15 20:55:39 MST 2017
| Date         : Mon Jun  8 00:41:26 2020
| Host         : LAPTOP-VJR9T2Q8 running 64-bit major release  (build 9200)
| Command      : upgrade_ip
| Device       : xc7z020clg484-1
------------------------------------------------------------------------------------

Upgrade Log for IP 'design_1_unknown_ip_0_0'

1. Summary
----------

SUCCESS in the upgrade of design_1_unknown_ip_0_0 (xilinx.com:user:unknown_ip:1.0) from (Rev. 4) to (Rev. 5)






Copyright 1986-2017 Xilinx, Inc. All Rights Reserved.
------------------------------------------------------------------------------------
| Tool Version : Vivado v.2017.4 (win64) Build 2086221 Fri Dec 15 20:55:39 MST 2017
| Date         : Sun Jun  7 22:01:40 2020
| Host         : LAPTOP-VJR9T2Q8 running 64-bit major release  (build 9200)
| Command      : upgrade_ip
| Device       : xc7z020clg484-1
------------------------------------------------------------------------------------

Upgrade Log for IP 'design_1_unknown_ip_0_0'

1. Summary
----------

SUCCESS in the upgrade of design_1_unknown_ip_0_0 (xilinx.com:user:unknown_ip:1.0) from (Rev. 3) to (Rev. 4)






Copyright 1986-2017 Xilinx, Inc. All Rights Reserved.
------------------------------------------------------------------------------------
| Tool Version : Vivado v.2017.4 (win64) Build 2086221 Fri Dec 15 20:55:39 MST 2017
| Date         : Sun Jun  7 19:26:04 2020
| Host         : LAPTOP-VJR9T2Q8 running 64-bit major release  (build 9200)
| Command      : upgrade_ip
| Device       : xc7z020clg484-1
------------------------------------------------------------------------------------

Upgrade Log for IP 'design_1_unknown_ip_0_0'

1. Summary
----------

SUCCESS in the upgrade of design_1_unknown_ip_0_0 (xilinx.com:user:unknown_ip:1.0) from (Rev. 2) to (Rev. 3)

